Flutter crash report; please file at https://github.com/flutter/flutter/issues.

## command

flutter run

## exception

FileSystemException: FileSystemException: Deletion failed, path = 'D:\Projects\Flutter2\crm_app\my_flutter\.android' (OS Error: 另一个程序正在使用此文件，进程无法访问。
, errno = 32)

```
#0      _Directory._deleteSync (dart:io/directory_impl.dart:206:7)
#1      FileSystemEntity.deleteSync (dart:io/file_system_entity.dart:466:47)
#2      ForwardingFileSystemEntity.deleteSync (package:file/src/forwarding/forwarding_file_system_entity.dart:72:16)
#3      _deleteIfExistsSync (package:flutter_tools/src/project.dart:492:15)
#4      AndroidProject._regenerateLibrary (package:flutter_tools/src/project.dart:444:5)
#5      AndroidProject.ensureReadyForPlatformSpecificTooling (package:flutter_tools/src/project.dart:408:7)
<asynchronous suspension>
#6      FlutterProject.ensureReadyForPlatformSpecificTooling (package:flutter_tools/src/project.dart:155:19)
<asynchronous suspension>
#7      FlutterCommand.verifyThenRunCommand (package:flutter_tools/src/runner/flutter_command.dart:539:21)
<asynchronous suspension>
#8      FlutterCommand.run.<anonymous closure> (package:flutter_tools/src/runner/flutter_command.dart:486:33)
<asynchronous suspension>
#9      AppContext.run.<anonymous closure> (package:flutter_tools/src/base/context.dart:142:29)
<asynchronous suspension>
#10     _rootRun (dart:async/zone.dart:1124:13)
#11     _CustomZone.run (dart:async/zone.dart:1021:19)
#12     _runZoned (dart:async/zone.dart:1516:10)
#13     runZoned (dart:async/zone.dart:1463:12)
#14     AppContext.run (package:flutter_tools/src/base/context.dart:141:18)
<asynchronous suspension>
#15     FlutterCommand.run (package:flutter_tools/src/runner/flutter_command.dart:477:20)
#16     CommandRunner.runCommand (package:args/command_runner.dart:196:27)
<asynchronous suspension>
#17     FlutterCommandRunner.runCommand.<anonymous closure> (package:flutter_tools/src/runner/flutter_command_runner.dart:396:21)
<asynchronous suspension>
#18     AppContext.run.<anonymous closure> (package:flutter_tools/src/base/context.dart:142:29)
<asynchronous suspension>
#19     _rootRun (dart:async/zone.dart:1124:13)
#20     _CustomZone.run (dart:async/zone.dart:1021:19)
#21     _runZoned (dart:async/zone.dart:1516:10)
#22     runZoned (dart:async/zone.dart:1463:12)
#23     AppContext.run (package:flutter_tools/src/base/context.dart:141:18)
<asynchronous suspension>
#24     FlutterCommandRunner.runCommand (package:flutter_tools/src/runner/flutter_command_runner.dart:356:19)
<asynchronous suspension>
#25     CommandRunner.run.<anonymous closure> (package:args/command_runner.dart:111:29)
#26     new Future.sync (dart:async/future.dart:224:31)
#27     CommandRunner.run (package:args/command_runner.dart:111:11)
#28     FlutterCommandRunner.run (package:flutter_tools/src/runner/flutter_command_runner.dart:242:18)
#29     run.<anonymous closure> (package:flutter_tools/runner.dart:60:20)
<asynchronous suspension>
#30     AppContext.run.<anonymous closure> (package:flutter_tools/src/base/context.dart:142:29)
<asynchronous suspension>
#31     _rootRun (dart:async/zone.dart:1124:13)
#32     _CustomZone.run (dart:async/zone.dart:1021:19)
#33     _runZoned (dart:async/zone.dart:1516:10)
#34     runZoned (dart:async/zone.dart:1463:12)
#35     AppContext.run (package:flutter_tools/src/base/context.dart:141:18)
<asynchronous suspension>
#36     runInContext (package:flutter_tools/src/context_runner.dart:51:24)
<asynchronous suspension>
#37     run (package:flutter_tools/runner.dart:51:10)
#38     main (package:flutter_tools/executable.dart:59:9)
<asynchronous suspension>
#39     main (file:///D:/Tools/Flutter/flutter_windows_v0.10.0-dev/flutter/packages/flutter_tools/bin/flutter_tools.dart:8:3)
#40     _startIsolate.<anonymous closure> (dart:isolate/runtime/lib/isolate_patch.dart:298:32)
#41     _RawReceivePortImpl._handleMessage (dart:isolate/runtime/lib/isolate_patch.dart:171:12)
```

## flutter doctor

```
[32m[✓][39m Flutter (Channel dev, v1.3.3, on Microsoft Windows [Version 10.0.15063], locale zh-CN)
    [32m•[39m Flutter version 1.3.3 at D:\Tools\Flutter\flutter_windows_v0.10.0-dev\flutter
    [32m•[39m Framework revision 778e95a39b (3 months ago), 2019-03-01 20:48:28 -0500
    [32m•[39m Engine revision 39c46dea4b
    [32m•[39m Dart version 2.2.1 (build 2.2.1-dev.0.0 7c70ab1817)

[33m[!][39m Android toolchain - develop for Android devices (Android SDK version 28.0.3)
    [32m•[39m Android SDK at D:\android-sdk
    [32m•[39m Android NDK location not configured (optional; useful for native profiling support)
    [32m•[39m Platform android-28, build-tools 28.0.3
    [32m•[39m ANDROID_HOME = D:\android-sdk
    [32m•[39m Java binary at: D:\Android Studio 3 RC\jre\bin\java
    [32m•[39m Java version OpenJDK Runtime Environment (build 1.8.0_152-release-915-b01)
    [33m![39m Some Android licenses not accepted.  To resolve this, run: flutter doctor --android-licenses

[33m[!][39m Android Studio (version 2.3)
    [32m•[39m Android Studio at D:\android-studio
    [31m✗[39m Flutter plugin not installed; this adds Flutter specific functionality.
    [32m•[39m Dart plugin version 162.2924
    [32m•[39m Java version Java(TM) SE Runtime Environment (build 1.8.0_131-b11)

[32m[✓][39m Android Studio (version 3.0)
    [32m•[39m Android Studio at D:\Android Studio 3 RC
    [32m•[39m Flutter plugin version 23.2.1
    [32m•[39m Dart plugin version 171.4424
    [32m•[39m Java version OpenJDK Runtime Environment (build 1.8.0_152-release-915-b01)

[32m[✓][39m Connected device (1 available)
    [32m•[39m vivo X9 • e7c7d631 • android-arm64 • Android 7.1.2 (API 25)

[33m![39m Doctor found issues in 2 categories.
```
